
Showing logs for build [32mcb-kubecd-bdd-gh-1582447347-pr-l4d6p-1[0m stage [32mfrom-build-pack[0m and container [32mstep-credential-initializer-tsqf4[0m
{"level":"warn","ts":1582449516.8660572,"logger":"fallback-logger","caller":"logging/config.go:69","msg":"Fetch GitHub commit ID from kodata failed: \"ref: refs/heads/0.8.0-**-support-backwards-incompats\" is not a valid GitHub commit ID"}
{"level":"info","ts":1582449516.8670223,"logger":"fallback-logger","caller":"creds-init/main.go:40","msg":"Credentials initialized."}

Showing logs for build [32mcb-kubecd-bdd-gh-1582447347-pr-l4d6p-1[0m stage [32mfrom-build-pack[0m and container [32mstep-working-dir-initializer-tbkns[0m
{"level":"warn","ts":1582449517.8694687,"logger":"fallback-logger","caller":"logging/config.go:69","msg":"Fetch GitHub commit ID from kodata failed: open /var/run/ko/HEAD: no such file or directory"}
{"level":"info","ts":1582449517.8715613,"logger":"fallback-logger","caller":"bash/main.go:64","msg":"Successfully executed command \"sh -c mkdir -p /workspace/source\"; output "}

Showing logs for build [32mcb-kubecd-bdd-gh-1582447347-pr-l4d6p-1[0m stage [32mfrom-build-pack[0m and container [32mstep-place-tools[0m

Showing logs for build [32mcb-kubecd-bdd-gh-1582447347-pr-l4d6p-1[0m stage [32mfrom-build-pack[0m and container [32mstep-git-source-cb-kubecd-bdd-gh-1582447347-pr-l4d6p-zhmkj[0m
{"level":"warn","ts":1582449523.9745727,"logger":"fallback-logger","caller":"logging/config.go:69","msg":"Fetch GitHub commit ID from kodata failed: \"ref: refs/heads/0.8.0-**-support-backwards-incompats\" is not a valid GitHub commit ID"}
{"level":"info","ts":1582449525.133969,"logger":"fallback-logger","caller":"git/git.go:103","msg":"Successfully cloned https://github.com/cb-kubecd/bdd-gh-1582447347.git @ master in path /workspace/source"}

Showing logs for build [32mcb-kubecd-bdd-gh-1582447347-pr-l4d6p-1[0m stage [32mfrom-build-pack[0m and container [32mstep-git-merge[0m
Using SHAs from PULL_REFS=master:67ea1bdcd0e77d63c4f5738e77b6ff2440a23340,1:09c48cc58e5bf7eb6ce891dc6ebcf00910e2d1d7
DEBUG: LC_ALL=C JX_LOG_LEVEL=error git fetch origin --unshallow 09c48cc58e5bf7eb6ce891dc6ebcf00910e2d1d7: 67ea1bdcd0e77d63c4f5738e77b6ff2440a23340:
DEBUG: ran git fetch --unshallow origin 09c48cc58e5bf7eb6ce891dc6ebcf00910e2d1d7: 67ea1bdcd0e77d63c4f5738e77b6ff2440a23340: in 
DEBUG: LC_ALL=C JX_LOG_LEVEL=error git branch
DEBUG: LC_ALL=C JX_LOG_LEVEL=error git checkout master
DEBUG: ran git checkout master in 
DEBUG: LC_ALL=C JX_LOG_LEVEL=error git reset --hard 67ea1bdcd0e77d63c4f5738e77b6ff2440a23340
DEBUG: ran git reset --hard 67ea1bdcd0e77d63c4f5738e77b6ff2440a23340 in 
DEBUG: LC_ALL=C JX_LOG_LEVEL=error git clean -fd .
DEBUG: ran clean --force -d . in 
DEBUG: LC_ALL=C JX_LOG_LEVEL=error git merge 09c48cc58e5bf7eb6ce891dc6ebcf00910e2d1d7
DEBUG: ran git merge 09c48cc58e5bf7eb6ce891dc6ebcf00910e2d1d7 in 
DEBUG: JX_LOG_LEVEL=error LC_ALL=C git log --format=%H%x1f%an%x1f%ae%x1f%cn%x1f%ce%x1f%s%n%b%x1e 67ea1bdcd0e77d63c4f5738e77b6ff2440a23340..HEAD
Merged SHA 09c48cc58e5bf7eb6ce891dc6ebcf00910e2d1d7 with commit message 'My first PR commit' into base branch master

Showing logs for build [32mcb-kubecd-bdd-gh-1582447347-pr-l4d6p-1[0m stage [32mfrom-build-pack[0m and container [32mstep-build-make-linux[0m
CGO_ENABLED=0 GOOS=linux GOARCH=amd64 GO15VENDOREXPERIMENT=1 go build -ldflags '' -o bin/bdd-gh-1582447347 main.go

Showing logs for build [32mcb-kubecd-bdd-gh-1582447347-pr-l4d6p-1[0m stage [32mfrom-build-pack[0m and container [32mstep-build-container-build[0m
[36mINFO[0m[0000] No base image, nothing to extract            
[36mINFO[0m[0000] cmd: EXPOSE                                  
[36mINFO[0m[0000] Adding exposed port: 8080/tcp                
[36mINFO[0m[0000] Using files from context: [/workspace/source/bin] 
[36mINFO[0m[0000] Skipping unpacking as no commands require it. 
[36mINFO[0m[0000] Taking snapshot of full filesystem...        
[36mINFO[0m[0000] EXPOSE 8080                                  
[36mINFO[0m[0000] cmd: EXPOSE                                  
[36mINFO[0m[0000] Adding exposed port: 8080/tcp                
[36mINFO[0m[0000] No files changed in this command, skipping snapshotting. 
[36mINFO[0m[0000] ENTRYPOINT ["/bdd-gh-1582447347"]            
[36mINFO[0m[0000] No files changed in this command, skipping snapshotting. 
[36mINFO[0m[0000] Using files from context: [/workspace/source/bin] 
[36mINFO[0m[0000] COPY ./bin/ /                                
[36mINFO[0m[0000] Taking snapshot of files...                  
2020/02/23 09:19:01 pushed blob: sha256:2eb8d601c42cd50684f1964ee2fb252d1e97eac0d8fa082090e26bae5cdb1ebe
2020/02/23 09:19:03 pushed blob: sha256:c761d503c02f7f57ae9dae6eaf5b6473c9ffd0446ffe0d460b2f17f63019ef93
2020/02/23 09:19:04 gcr.io/jenkins-x-bdd3/bdd-gh-1582447347:0.0.0-SNAPSHOT-PR-1-1: digest: sha256:bf06846916b831cc4f6a230c9d16578e7f031a415445691ac563cc772614fa71 size: 428

Showing logs for build [32mcb-kubecd-bdd-gh-1582447347-pr-l4d6p-1[0m stage [32mfrom-build-pack[0m and container [32mstep-postbuild-post-build[0m
no CVE provider running in the current ** namespace so skip adding image to be analysed

Showing logs for build [32mcb-kubecd-bdd-gh-1582447347-pr-l4d6p-1[0m stage [32mfrom-build-pack[0m and container [32mstep-promote-make-preview[0m
sed -i -e "s/version:.*/version: 0.0.0-SNAPSHOT-PR-1-1/" Chart.yaml
sed -i -e "s/version:.*/version: 0.0.0-SNAPSHOT-PR-1-1/" ../*/Chart.yaml
sed -i -e "s|repository:.*|repository: gcr.io\/jenkins-x-bdd3\/bdd-gh-1582447347|" values.yaml
sed -i -e "s/tag:.*/tag: 0.0.0-SNAPSHOT-PR-1-1/" values.yaml
echo "  version: 0.0.0-SNAPSHOT-PR-1-1" >> requirements.yaml
** step helm build
WARNING: No $CHART_REPOSITORY defined so using the default value of: http://jenkins-x-chartmuseum:8080
Adding missing Helm repo: storage.googleapis.com https://storage.googleapis.com/chartmuseum.jenkins-x.io
WARNING: No secrets found on "helm/repos" due: reading the secret "helm/repos" from vault: no secret "helm/repos" not found in vault
Read credentials for https://storage.googleapis.com/chartmuseum.jenkins-x.io from vault helm/repos
Successfully added Helm repository storage.googleapis.com.
Adding missing Helm repo: jenkins-x-chartmuseum http://jenkins-x-chartmuseum:8080
WARNING: No secrets found on "helm/repos" due: reading the secret "helm/repos" from vault: no secret "helm/repos" not found in vault
Read credentials for http://jenkins-x-chartmuseum:8080 from vault helm/repos
Successfully added Helm repository jenkins-x-chartmuseum.
WARNING: No $CHART_REPOSITORY defined so using the default value of: http://jenkins-x-chartmuseum:8080
Adding missing Helm repo: chartmuseum.jenkins-x.io http://chartmuseum.jenkins-x.io
WARNING: No secrets found on "helm/repos" due: reading the secret "helm/repos" from vault: no secret "helm/repos" not found in vault
Read credentials for http://chartmuseum.jenkins-x.io from vault helm/repos
Successfully added Helm repository chartmuseum.jenkins-x.io.

Showing logs for build [32mcb-kubecd-bdd-gh-1582447347-pr-l4d6p-1[0m stage [32mfrom-build-pack[0m and container [32mstep-promote-jx-preview[0m
Creating a preview
Created environment cb-kubecd-bdd-gh-1582447347-pr-1
Namespace **-cb-kubecd-bdd-gh-1582447347-pr-1 created 
expose:
  Annotations:
    helm.sh/hook: post-install,post-upgrade
    helm.sh/hook-delete-policy: hook-succeeded
  config:
    domain: 35.195.234.112.nip.io
    exposer: Ingress
    http: "true"
preview:
  image:
    repository: gcr.io/jenkins-x-bdd3/bdd-gh-1582447347
    tag: 0.0.0-SNAPSHOT-PR-1-1

Updating PipelineActivities cb-kubecd-bdd-gh-1582447347-pr-1-1 which has status Running
Preview application is now available at: http://bdd-gh-1582447347.**-cb-kubecd-bdd-gh-1582447347-pr-1.35.195.234.112.nip.io
